<?xml version="1.0" encoding="UTF-8"?>
<testsuite xmlns:xsi="http://www.w3.org/2001/XMLSchema-instance" xsi:schemaLocation="https://maven.apache.org/surefire/maven-surefire-plugin/xsd/surefire-test-report.xsd" name="TestSuite" time="32.692" tests="15" errors="0" skipped="0" failures="0">
  <properties>
    <property name="java.runtime.name" value="Java(TM) SE Runtime Environment"/>
    <property name="java.vm.version" value="11.0.5+10-LTS"/>
    <property name="sun.boot.library.path" value="C:\SagarV\softwares\java\jdk-11.0.5_windows-x64_bin\jdk-11.0.5\bin"/>
    <property name="maven.multiModuleProjectDirectory" value="C:\SagarV\projects\git_repos\maltem-test-assignment"/>
    <property name="java.vm.vendor" value="Oracle Corporation"/>
    <property name="java.vendor.url" value="http://java.oracle.com/"/>
    <property name="guice.disable.misplaced.annotation.check" value="true"/>
    <property name="path.separator" value=";"/>
    <property name="java.vm.name" value="Java HotSpot(TM) 64-Bit Server VM"/>
    <property name="sun.os.patch.level" value=""/>
    <property name="user.script" value=""/>
    <property name="user.country" value="SG"/>
    <property name="sun.java.launcher" value="SUN_STANDARD"/>
    <property name="java.vm.specification.name" value="Java Virtual Machine Specification"/>
    <property name="user.dir" value="C:\SagarV\projects\git_repos\maltem-test-assignment"/>
    <property name="java.vm.compressedOopsMode" value="Zero based"/>
    <property name="java.runtime.version" value="11.0.5+10-LTS"/>
    <property name="java.awt.graphicsenv" value="sun.awt.Win32GraphicsEnvironment"/>
    <property name="os.arch" value="amd64"/>
    <property name="java.io.tmpdir" value="C:\Users\NLSVAR~1\AppData\Local\Temp\"/>
    <property name="line.separator" value="&#10;"/>
    <property name="java.vm.specification.vendor" value="Oracle Corporation"/>
    <property name="user.variant" value=""/>
    <property name="os.name" value="Windows 10"/>
    <property name="classworlds.conf" value="C:\SagarV\softwares\maven\apache-maven-3.6.3-bin\apache-maven-3.6.3\bin\..\bin\m2.conf"/>
    <property name="sun.jnu.encoding" value="Cp1252"/>
    <property name="java.library.path" value="C:\SagarV\softwares\java\jdk-11.0.5_windows-x64_bin\jdk-11.0.5\bin;C:\WINDOWS\Sun\Java\bin;C:\WINDOWS\system32;C:\WINDOWS;C:\Program Files (x86)\Common Files\Oracle\Java\javapath;C:\Program Files (x86)\Intel\Intel(R) Management Engine Components\iCLS\;C:\Program Files\Intel\Intel(R) Management Engine Components\iCLS\;C:\WINDOWS\system32;C:\WINDOWS;C:\WINDOWS\System32\Wbem;C:\WINDOWS\System32\WindowsPowerShell\v1.0\;C:\Program Files (x86)\Intel\Intel(R) Management Engine Components\DAL;C:\Program Files\Intel\Intel(R) Management Engine Components\DAL;C:\Program Files (x86)\Intel\Intel(R) Management Engine Components\IPT;C:\Program Files\Intel\Intel(R) Management Engine Components\IPT;C:\WINDOWS\System32\OpenSSH\;C:\Program Files\Intel\WiFi\bin\;C:\Program Files\Common Files\Intel\WirelessCommon\;C:\Users\nlsvarule\AppData\Local\Programs\Python\Launcher\;C:\Users\nlsvarule\AppData\Local\Microsoft\WindowsApps;C:\Users\nlsvarule\AppData\Local\Programs\Microsoft VS Code\bin;C:\Users\nlsvarule\AppData\Local\JetBrains\IntelliJ IDEA Community Edition 2019.3.1\bin;;C:\Users\nlsvarule\AppData\Local\Programs\Git\cmd;C:\Users\nlsvarule\AppData\Local\Programs\Python\Python38;C:\Users\nlsvarule\AppData\Local\Programs\Python\Python38\Scripts;C:\SagarV\softwares\maven\apache-maven-3.6.3-bin\apache-maven-3.6.3\bin;;."/>
    <property name="maven.conf" value="C:\SagarV\softwares\maven\apache-maven-3.6.3-bin\apache-maven-3.6.3\bin\../conf"/>
    <property name="jdk.debug" value="release"/>
    <property name="java.class.version" value="55.0"/>
    <property name="java.specification.name" value="Java Platform API Specification"/>
    <property name="sun.management.compiler" value="HotSpot 64-Bit Tiered Compilers"/>
    <property name="os.version" value="10.0"/>
    <property name="library.jansi.path" value="C:\SagarV\softwares\maven\apache-maven-3.6.3-bin\apache-maven-3.6.3\bin\..\lib\jansi-native"/>
    <property name="user.home" value="C:\Users\nlsvarule"/>
    <property name="user.timezone" value="Asia/Singapore"/>
    <property name="java.awt.printerjob" value="sun.awt.windows.WPrinterJob"/>
    <property name="file.encoding" value="Cp1252"/>
    <property name="java.specification.version" value="11"/>
    <property name="user.name" value="nlsvarule"/>
    <property name="java.class.path" value="C:\SagarV\softwares\maven\apache-maven-3.6.3-bin\apache-maven-3.6.3\bin\..\boot\plexus-classworlds-2.6.0.jar"/>
    <property name="java.vm.specification.version" value="11"/>
    <property name="sun.arch.data.model" value="64"/>
    <property name="sun.java.command" value="org.codehaus.plexus.classworlds.launcher.Launcher test"/>
    <property name="java.home" value="C:\SagarV\softwares\java\jdk-11.0.5_windows-x64_bin\jdk-11.0.5"/>
    <property name="user.language" value="en"/>
    <property name="java.specification.vendor" value="Oracle Corporation"/>
    <property name="awt.toolkit" value="sun.awt.windows.WToolkit"/>
    <property name="java.vm.info" value="mixed mode"/>
    <property name="java.version" value="11.0.5"/>
    <property name="java.vendor" value="Oracle Corporation"/>
    <property name="sun.stderr.encoding" value="cp437"/>
    <property name="maven.home" value="C:\SagarV\softwares\maven\apache-maven-3.6.3-bin\apache-maven-3.6.3\bin\.."/>
    <property name="file.separator" value="\"/>
    <property name="java.version.date" value="2019-10-15"/>
    <property name="java.vendor.url.bug" value="http://bugreport.java.com/bugreport/"/>
    <property name="sun.io.unicode.encoding" value="UnicodeLittle"/>
    <property name="sun.cpu.endian" value="little"/>
    <property name="java.vendor.version" value="18.9"/>
    <property name="sun.stdout.encoding" value="cp437"/>
    <property name="sun.desktop" value="windows"/>
    <property name="sun.cpu.isalist" value="amd64"/>
  </properties>
  <testcase name="runScenario" classname="support.runner.RunCucumberTest" time="10.963"/>
  <testcase name="runScenario" classname="support.runner.RunCucumberTest" time="0.338"/>
  <testcase name="runScenario" classname="support.runner.RunCucumberTest" time="0.394"/>
  <testcase name="runScenario" classname="support.runner.RunCucumberTest" time="0.331"/>
  <testcase name="runScenario" classname="support.runner.RunCucumberTest" time="0.351"/>
  <testcase name="runScenario" classname="support.runner.RunCucumberTest" time="0.843"/>
  <testcase name="runScenario" classname="support.runner.RunCucumberTest" time="9.376"/>
  <testcase name="runScenario" classname="support.runner.RunCucumberTest" time="1.368"/>
  <testcase name="runScenario" classname="support.runner.RunCucumberTest" time="0.918"/>
  <testcase name="runScenario" classname="support.runner.RunCucumberTest" time="0.993"/>
  <testcase name="runScenario" classname="support.runner.RunCucumberTest" time="0.959"/>
  <testcase name="runScenario" classname="support.runner.RunCucumberTest" time="0.947"/>
  <testcase name="runScenario" classname="support.runner.RunCucumberTest" time="0.854"/>
  <testcase name="runScenario" classname="support.runner.RunCucumberTest" time="1"/>
  <testcase name="runScenario" classname="support.runner.RunCucumberTest" time="1.242"/>
</testsuite>