<?xml version="1.0" encoding="UTF-8"?>
<!-- Generated by org.testng.reporters.JUnitReportReporter -->
<testsuite hostname="BADGB1NB02" failures="0" tests="15" name="support.runner.RunCucumberTest" time="30.938" errors="0" timestamp="2020-04-09T17:37:38 SGT" skipped="0">
  <testcase classname="support.runner.RunCucumberTest" name="runScenario" time="0.394"/>
  <system-out/>
  <testcase classname="support.runner.RunCucumberTest" name="runScenario" time="0.836"/>
  <system-out/>
  <testcase classname="support.runner.RunCucumberTest" name="runScenario" time="1.351"/>
  <system-out/>
  <testcase classname="support.runner.RunCucumberTest" name="runScenario" time="0.986"/>
  <system-out/>
  <testcase classname="support.runner.RunCucumberTest" name="runScenario" time="0.941"/>
  <system-out/>
  <testcase classname="support.runner.RunCucumberTest" name="runScenario" time="1.031"/>
  <system-out/>
  <testcase classname="support.runner.RunCucumberTest" name="runScenario" time="10.983"/>
  <system-out/>
  <testcase classname="support.runner.RunCucumberTest" name="runScenario" time="0.350"/>
  <system-out/>
  <testcase classname="support.runner.RunCucumberTest" name="runScenario" time="9.375"/>
  <system-out/>
  <testcase classname="support.runner.RunCucumberTest" name="runScenario" time="0.978"/>
  <system-out/>
  <testcase classname="support.runner.RunCucumberTest" name="runScenario" time="1.242"/>
  <system-out/>
  <testcase classname="support.runner.RunCucumberTest" name="runScenario" time="0.942"/>
  <system-out/>
  <testcase classname="support.runner.RunCucumberTest" name="runScenario" time="0.332"/>
  <system-out/>
  <testcase classname="support.runner.RunCucumberTest" name="runScenario" time="0.331"/>
  <system-out/>
  <testcase classname="support.runner.RunCucumberTest" name="runScenario" time="0.866"/>
  <system-out/>
</testsuite> <!-- support.runner.RunCucumberTest -->
